2025-04-09 15:30:42.996 |INFO    | funbuild.core.core : core: 127 | funbuild | - funsecret build
2025-04-09 15:30:43.001 |INFO    | funbuild.core.core : core: 106 | funbuild | - funsecret pull
2025-04-09 15:30:52.967 |INFO    | funbuild.core.core : core: 111 | funbuild | - funsecret push
2025-04-09 15:32:11.373 |INFO    | funbuild.core.core : core:  31 | funbuild | - [Generated commit message]
功能：添加快照功能并更新项目元数据

- 新增快照模块，包含load_snapshot和save_snapshot功能
- 更新pyproject.toml中的版本号至1.4.51
- 添加项目作者和维护者信息
- 添加项目相关URL链接
- 修改cache_secret.py中的路径处理逻辑
- 更新日志文件中的时间戳

此次提交主要添加了数据快照功能，允许对驱动数据进行备份和恢复。同时更新了项目元数据信息，包括版本号、作者和维护者信息等。
2025-04-09 16:05:54.451 |INFO    | funbuild.core.core : core: 127 | funbuild | - funsecret build
2025-04-09 16:05:54.454 |INFO    | funbuild.core.core : core: 106 | funbuild | - funsecret pull
2025-04-09 16:06:00.953 |INFO    | funbuild.core.core : core: 111 | funbuild | - funsecret push
2025-04-09 16:06:14.433 |INFO    | funbuild.core.core : core:  31 | funbuild | - [Generated commit message]
chore: 更新项目版本号和元数据信息

- 将funsecret和funsecret-snapshot版本号从1.4.51更新至1.4.52
- 将作者/维护者名称从'niuliangtao'更新为'牛哥'
- 在日志文件中添加了新的构建操作记录(funsecret build/pull/push)
